<?xml version="1.0" encoding="UTF-8"?>
<?totaltestVersion 18.2.3.v20170915-1548_36?>
<!--Topaz for Total Test 18.2.3.v20170915-1548_36 17.10.2017 13:18:49-->
<testsuites>
  <testsuite errors="0" failures="0" name="Project: 'CWXTSUBC Unit Tests V1' Scenario: 'CWXTSUBC_Mgmt' Testcase: 'CWXTSUBCCase0'" tests="1">
    <testcase classname="Project: 'CWXTSUBC Unit Tests V1' Scenario: 'CWXTSUBC_Mgmt' Testcase: 'CWXTSUBCCase0'" name="Check for COMM_TOTAL"/>
  </testsuite>
  <testsuite errors="0" failures="0" name="Project: 'CWXTSUBC Unit Tests V1' Scenario: 'CWXTSUBC_Mgmt' Testcase: 'CWXTSUBCCase0_02_1'" tests="1">
    <testcase classname="Project: 'CWXTSUBC Unit Tests V1' Scenario: 'CWXTSUBC_Mgmt' Testcase: 'CWXTSUBCCase0_02_1'" name="Check for COMM_TOTAL"/>
  </testsuite>
  <testsuite errors="0" failures="0" name="Project: 'CWXTSUBC Unit Tests V1' Scenario: 'CWXTSUBC_Mgmt' Testcase: 'CWXTSUBCCase0_02_2'" tests="1">
    <testcase classname="Project: 'CWXTSUBC Unit Tests V1' Scenario: 'CWXTSUBC_Mgmt' Testcase: 'CWXTSUBCCase0_02_2'" name="Check for COMM_TOTAL"/>
  </testsuite>
  <testsuite errors="0" failures="0" name="Project: 'CWXTSUBC Unit Tests V1' Scenario: 'CWXTSUBC_Mgmt' Testcase: 'CWXTSUBCCase0_02_3'" tests="1">
    <testcase classname="Project: 'CWXTSUBC Unit Tests V1' Scenario: 'CWXTSUBC_Mgmt' Testcase: 'CWXTSUBCCase0_02_3'" name="Check for COMM_TOTAL"/>
  </testsuite>
  <testsuite errors="0" failures="0" name="Project: 'CWXTSUBC Unit Tests V1' Scenario: 'CWXTSUBC_Mgmt' Testcase: 'CWXTSUBCCase0_025_1'" tests="1">
    <testcase classname="Project: 'CWXTSUBC Unit Tests V1' Scenario: 'CWXTSUBC_Mgmt' Testcase: 'CWXTSUBCCase0_025_1'" name="Check for COMM_TOTAL"/>
  </testsuite>
  <testsuite errors="0" failures="0" name="Project: 'CWXTSUBC Unit Tests V1' Scenario: 'CWXTSUBC_Mgmt' Testcase: 'CWXTSUBCCase0_025_2'" tests="1">
    <testcase classname="Project: 'CWXTSUBC Unit Tests V1' Scenario: 'CWXTSUBC_Mgmt' Testcase: 'CWXTSUBCCase0_025_2'" name="Check for COMM_TOTAL"/>
  </testsuite>
  <testsuite errors="0" failures="0" name="Project: 'CWXTSUBC Unit Tests V1' Scenario: 'CWXTSUBC_Mgmt' Testcase: 'CWXTSUBCCase0_025_3'" tests="1">
    <testcase classname="Project: 'CWXTSUBC Unit Tests V1' Scenario: 'CWXTSUBC_Mgmt' Testcase: 'CWXTSUBCCase0_025_3'" name="Check for COMM_TOTAL"/>
  </testsuite>
  <testsuite errors="0" failures="0" name="Project: 'CWXTSUBC Unit Tests V1' Scenario: 'CWXTSUBC_Mgmt' Testcase: 'CWXTSUBCCase0_035_1'" tests="1">
    <testcase classname="Project: 'CWXTSUBC Unit Tests V1' Scenario: 'CWXTSUBC_Mgmt' Testcase: 'CWXTSUBCCase0_035_1'" name="Check for COMM_TOTAL"/>
  </testsuite>
  <testsuite errors="0" failures="0" name="Project: 'CWXTSUBC Unit Tests V1' Scenario: 'CWXTSUBC_Mgmt' Testcase: 'CWXTSUBCCase0_035_2'" tests="1">
    <testcase classname="Project: 'CWXTSUBC Unit Tests V1' Scenario: 'CWXTSUBC_Mgmt' Testcase: 'CWXTSUBCCase0_035_2'" name="Check for COMM_TOTAL"/>
  </testsuite>
  <testsuite errors="0" failures="0" name="Project: 'CWXTSUBC Unit Tests V1' Scenario: 'CWXTSUBC_Mgmt' Testcase: 'CWXTSUBCCase0_035_3'" tests="1">
    <testcase classname="Project: 'CWXTSUBC Unit Tests V1' Scenario: 'CWXTSUBC_Mgmt' Testcase: 'CWXTSUBCCase0_035_3'" name="Check for COMM_TOTAL"/>
  </testsuite>
  <testsuite errors="0" failures="0" name="Project: 'CWXTSUBC Unit Tests V1' Scenario: 'CWXTSUBC_Mgmt' Testcase: 'CWXTSUBCCase0_04_1'" tests="1">
    <testcase classname="Project: 'CWXTSUBC Unit Tests V1' Scenario: 'CWXTSUBC_Mgmt' Testcase: 'CWXTSUBCCase0_04_1'" name="Check for COMM_TOTAL"/>
  </testsuite>
  <testsuite errors="0" failures="0" name="Project: 'CWXTSUBC Unit Tests V1' Scenario: 'CWXTSUBC_Mgmt' Testcase: 'CWXTSUBCCase0_04_2'" tests="1">
    <testcase classname="Project: 'CWXTSUBC Unit Tests V1' Scenario: 'CWXTSUBC_Mgmt' Testcase: 'CWXTSUBCCase0_04_2'" name="Check for COMM_TOTAL"/>
  </testsuite>
  <testsuite errors="0" failures="0" name="Project: 'CWXTSUBC Unit Tests V1' Scenario: 'CWXTSUBC_Mgmt' Testcase: 'CWXTSUBCCase0_04_3'" tests="1">
    <testcase classname="Project: 'CWXTSUBC Unit Tests V1' Scenario: 'CWXTSUBC_Mgmt' Testcase: 'CWXTSUBCCase0_04_3'" name="Check for COMM_TOTAL"/>
  </testsuite>
</testsuites>