<?xml version="1.0" encoding="UTF-8"?>
<?totaltestVersion 18.3.1.v20180327-2102_9?>
<!--Topaz for Total Test 18.3.1.v20180327-2102_9 05.04.2018 08:04:31-->
<testsuites>
  <testsuite errors="0" failures="0" name="Project: 'CWXTSUBC Unit Tests V1' Scenario: 'CWXTSUBC_Sales' Testcase: 'CWXTSUBCCase0'" tests="2">
    <testcase classname="Project: 'CWXTSUBC Unit Tests V1' Scenario: 'CWXTSUBC_Sales' Testcase: 'CWXTSUBCCase0'" name="Check for SALES_AMOUNT"/>
    <testcase classname="Project: 'CWXTSUBC Unit Tests V1' Scenario: 'CWXTSUBC_Sales' Testcase: 'CWXTSUBCCase0'" name="Check for COMM_TOTAL"/>
  </testsuite>
  <testsuite errors="0" failures="0" name="Project: 'CWXTSUBC Unit Tests V1' Scenario: 'CWXTSUBC_Sales' Testcase: 'CWXTSUBCCase0_02_1'" tests="1">
    <testcase classname="Project: 'CWXTSUBC Unit Tests V1' Scenario: 'CWXTSUBC_Sales' Testcase: 'CWXTSUBCCase0_02_1'" name="Check for COMM_TOTAL"/>
  </testsuite>
  <testsuite errors="0" failures="0" name="Project: 'CWXTSUBC Unit Tests V1' Scenario: 'CWXTSUBC_Sales' Testcase: 'CWXTSUBCCase0_02_2'" tests="1">
    <testcase classname="Project: 'CWXTSUBC Unit Tests V1' Scenario: 'CWXTSUBC_Sales' Testcase: 'CWXTSUBCCase0_02_2'" name="Check for COMM_TOTAL"/>
  </testsuite>
  <testsuite errors="0" failures="0" name="Project: 'CWXTSUBC Unit Tests V1' Scenario: 'CWXTSUBC_Sales' Testcase: 'CWXTSUBCCase0_02_3'" tests="1">
    <testcase classname="Project: 'CWXTSUBC Unit Tests V1' Scenario: 'CWXTSUBC_Sales' Testcase: 'CWXTSUBCCase0_02_3'" name="Check for COMM_TOTAL"/>
  </testsuite>
  <testsuite errors="0" failures="0" name="Project: 'CWXTSUBC Unit Tests V1' Scenario: 'CWXTSUBC_Sales' Testcase: 'CWXTSUBCCase0_04_1'" tests="1">
    <testcase classname="Project: 'CWXTSUBC Unit Tests V1' Scenario: 'CWXTSUBC_Sales' Testcase: 'CWXTSUBCCase0_04_1'" name="Check for COMM_TOTAL"/>
  </testsuite>
  <testsuite errors="0" failures="0" name="Project: 'CWXTSUBC Unit Tests V1' Scenario: 'CWXTSUBC_Sales' Testcase: 'CWXTSUBCCase0_04_2'" tests="1">
    <testcase classname="Project: 'CWXTSUBC Unit Tests V1' Scenario: 'CWXTSUBC_Sales' Testcase: 'CWXTSUBCCase0_04_2'" name="Check for COMM_TOTAL"/>
  </testsuite>
  <testsuite errors="0" failures="0" name="Project: 'CWXTSUBC Unit Tests V1' Scenario: 'CWXTSUBC_Sales' Testcase: 'CWXTSUBCCase0_04_3'" tests="1">
    <testcase classname="Project: 'CWXTSUBC Unit Tests V1' Scenario: 'CWXTSUBC_Sales' Testcase: 'CWXTSUBCCase0_04_3'" name="Check for COMM_TOTAL"/>
  </testsuite>
  <testsuite errors="0" failures="0" name="Project: 'CWXTSUBC Unit Tests V1' Scenario: 'CWXTSUBC_Sales' Testcase: 'CWXTSUBCCase0_08_1'" tests="1">
    <testcase classname="Project: 'CWXTSUBC Unit Tests V1' Scenario: 'CWXTSUBC_Sales' Testcase: 'CWXTSUBCCase0_08_1'" name="Check for COMM_TOTAL"/>
  </testsuite>
  <testsuite errors="0" failures="0" name="Project: 'CWXTSUBC Unit Tests V1' Scenario: 'CWXTSUBC_Sales' Testcase: 'CWXTSUBCCase0_08_2'" tests="1">
    <testcase classname="Project: 'CWXTSUBC Unit Tests V1' Scenario: 'CWXTSUBC_Sales' Testcase: 'CWXTSUBCCase0_08_2'" name="Check for COMM_TOTAL"/>
  </testsuite>
  <testsuite errors="0" failures="0" name="Project: 'CWXTSUBC Unit Tests V1' Scenario: 'CWXTSUBC_Sales' Testcase: 'CWXTSUBCCase0_08_3'" tests="1">
    <testcase classname="Project: 'CWXTSUBC Unit Tests V1' Scenario: 'CWXTSUBC_Sales' Testcase: 'CWXTSUBCCase0_08_3'" name="Check for COMM_TOTAL"/>
  </testsuite>
  <testsuite errors="0" failures="0" name="Project: 'CWXTSUBC Unit Tests V1' Scenario: 'CWXTSUBC_Sales' Testcase: 'CWXTSUBCCase0_09_1'" tests="1">
    <testcase classname="Project: 'CWXTSUBC Unit Tests V1' Scenario: 'CWXTSUBC_Sales' Testcase: 'CWXTSUBCCase0_09_1'" name="Check for COMM_TOTAL"/>
  </testsuite>
  <testsuite errors="0" failures="0" name="Project: 'CWXTSUBC Unit Tests V1' Scenario: 'CWXTSUBC_Sales' Testcase: 'CWXTSUBCCase0_09_2'" tests="1">
    <testcase classname="Project: 'CWXTSUBC Unit Tests V1' Scenario: 'CWXTSUBC_Sales' Testcase: 'CWXTSUBCCase0_09_2'" name="Check for COMM_TOTAL"/>
  </testsuite>
  <testsuite errors="0" failures="0" name="Project: 'CWXTSUBC Unit Tests V1' Scenario: 'CWXTSUBC_Sales' Testcase: 'CWXTSUBCCase0_09_3'" tests="1">
    <testcase classname="Project: 'CWXTSUBC Unit Tests V1' Scenario: 'CWXTSUBC_Sales' Testcase: 'CWXTSUBCCase0_09_3'" name="Check for COMM_TOTAL"/>
  </testsuite>
</testsuites>